<?xml version="1.0" encoding="UTF-8"?>
<!-- Generated by org.testng.reporters.JUnitReportReporter -->
<testsuite skipped="0" hostname="DESKTOP-K6RFTN5" name="com.hepilepsy.test.HepilepsyManageSeizureTest" tests="2" failures="0" timestamp="24 mei 2021 12:31:09 GMT" time="79.417" errors="0">
  <testcase name="addSeizureTests" time="45.174" classname="com.hepilepsy.test.HepilepsyManageSeizureTest"/>
  <testcase name="editSeizureTests" time="34.243" classname="com.hepilepsy.test.HepilepsyManageSeizureTest"/>
</testsuite> <!-- com.hepilepsy.test.HepilepsyManageSeizureTest -->
