<?xml version="1.0" encoding="UTF-8"?>
<!-- Generated by org.testng.reporters.JUnitReportReporter -->
<testsuite skipped="0" hostname="DESKTOP-K6RFTN5" name="com.hepilepsy.test.HepilepsyTestPage" tests="1" failures="0" timestamp="22 mei 2021 20:29:39 GMT" time="0.014" errors="0">
  <testcase name="homepageTests" time="0.014" classname="com.hepilepsy.test.HepilepsyTestPage"/>
</testsuite> <!-- com.hepilepsy.test.HepilepsyTestPage -->
