<?xml version="1.0" encoding="UTF-8"?>
<!-- Generated by org.testng.reporters.JUnitReportReporter -->
<testsuite skipped="0" hostname="DESKTOP-K6RFTN5" name="com.hepilepsy.test.HepilepsyHomeTest" tests="1" failures="0" timestamp="23 mei 2021 15:43:29 GMT" time="8.229" errors="0">
  <testcase name="homepageTests" time="8.229" classname="com.hepilepsy.test.HepilepsyHomeTest"/>
</testsuite> <!-- com.hepilepsy.test.HepilepsyHomeTest -->
