<?xml version="1.0" encoding="UTF-8"?>
<!-- Generated by org.testng.reporters.JUnitReportReporter -->
<testsuite skipped="0" hostname="DESKTOP-K6RFTN5" name="com.hepilepsy.test.HepilepsyLoginTest" tests="1" failures="0" timestamp="24 mei 2021 12:31:09 GMT" time="8.542" errors="0">
  <testcase name="loginTests" time="8.542" classname="com.hepilepsy.test.HepilepsyLoginTest"/>
</testsuite> <!-- com.hepilepsy.test.HepilepsyLoginTest -->
