<?xml version="1.0" encoding="UTF-8"?>
<!-- Generated by org.testng.reporters.JUnitReportReporter -->
<testsuite skipped="0" hostname="DESKTOP-K6RFTN5" name="com.hepilepsy.test.HepilepsyDashboardTest" tests="1" failures="0" timestamp="23 mei 2021 15:43:29 GMT" time="0.111" errors="0">
  <testcase name="dashboardPageTests" time="0.111" classname="com.hepilepsy.test.HepilepsyDashboardTest"/>
</testsuite> <!-- com.hepilepsy.test.HepilepsyDashboardTest -->
