<?xml version="1.0" encoding="UTF-8"?>
<!-- Generated by org.testng.reporters.JUnitReportReporter -->
<testsuite skipped="0" hostname="DESKTOP-K6RFTN5" name="com.hepilepsy.test.HepilepsyHomePageTest" tests="1" failures="0" timestamp="23 mei 2021 10:02:43 GMT" time="9.726" errors="0">
  <testcase name="homepageTests" time="9.726" classname="com.hepilepsy.test.HepilepsyHomePageTest"/>
</testsuite> <!-- com.hepilepsy.test.HepilepsyHomePageTest -->
